\BOOKMARK [1][-]{section.1}{\376\377\000I\000N\000T\000R\000O\000D\000U\000\307\000\303\000O}{}% 1
\BOOKMARK [1][-]{section.2}{\376\377\000R\000E\000V\000I\000S\000\303\000O\000\040\000B\000I\000B\000L\000I\000O\000G\000R\000\301\000F\000I\000C\000A}{}% 2
\BOOKMARK [2][-]{subsection.2.1}{\376\377\000M\000e\000c\000\342\000n\000i\000c\000a\000\040\000d\000o\000s\000\040\000F\000l\000u\000i\000d\000o\000s\000\040\000A\000p\000l\000i\000c\000a\000d\000a\000\040\000\340\000\040\000E\000n\000g\000e\000n\000h\000a\000r\000i\000a\000\040\000d\000e\000\040\000P\000o\000\347\000o\000s\000\040\000d\000e\000\040\000P\000e\000t\000r\000\363\000l\000e\000o}{section.2}% 3
\BOOKMARK [3][-]{subsubsection.2.1.1}{\376\377\000C\000o\000l\000c\000h\000\365\000e\000s}{subsection.2.1}% 4
\BOOKMARK [3][-]{subsubsection.2.1.2}{\376\377\000E\000x\000c\000e\000n\000t\000r\000i\000c\000i\000d\000a\000d\000e\000\040\000d\000o\000\040\000T\000u\000b\000o\000\040\000d\000e\000\040\000R\000e\000v\000e\000s\000t\000i\000m\000e\000n\000t\000o}{subsection.2.1}% 5
\BOOKMARK [2][-]{subsection.2.2}{\376\377\000O\000b\000j\000e\000t\000i\000v\000o\000s\000\040\000d\000e\000\040\000P\000e\000s\000q\000u\000i\000s\000a}{section.2}% 6
\BOOKMARK [3][-]{subsubsection.2.2.1}{\376\377\000O\000b\000j\000e\000t\000i\000v\000o\000\040\000G\000e\000r\000a\000l}{subsection.2.2}% 7
\BOOKMARK [3][-]{subsubsection.2.2.2}{\376\377\000O\000b\000j\000e\000t\000i\000v\000o\000s\000\040\000E\000s\000p\000e\000c\000\355\000f\000i\000c\000o\000s}{subsection.2.2}% 8
\BOOKMARK [1][-]{section.3}{\376\377\000M\000E\000T\000O\000D\000O\000L\000O\000G\000I\000A}{}% 9
\BOOKMARK [2][-]{subsection.3.1}{\376\377\000G\000e\000r\000a\000\347\000\343\000o\000\040\000d\000e\000\040\000M\000a\000l\000h\000a\000s}{section.3}% 10
\BOOKMARK [2][-]{subsection.3.2}{\376\377\000A\000\040\000B\000i\000b\000l\000i\000o\000t\000e\000c\000a\000\040\000F\000E\000n\000i\000C\000S}{section.3}% 11
\BOOKMARK [2][-]{subsection.3.3}{\376\377\000E\000q\000u\000a\000\347\000\365\000e\000s\000\040\000d\000e\000\040\000N\000a\000v\000i\000e\000r\000\040\000S\000t\000o\000k\000e\000s}{section.3}% 12
\BOOKMARK [3][-]{subsubsection.3.3.1}{\376\377\000F\000o\000r\000m\000u\000l\000a\000\347\000\343\000o\000\040\000V\000a\000r\000i\000a\000c\000i\000o\000n\000a\000l\000\040\000e\000\040\000D\000i\000s\000c\000r\000e\000t\000i\000z\000a\000\347\000\343\000o\000\040\000d\000a\000s\000\040\000E\000q\000u\000a\000\347\000\365\000e\000s}{subsection.3.3}% 13
\BOOKMARK [3][-]{subsubsection.3.3.2}{\376\377\000I\000m\000p\000l\000e\000m\000e\000n\000t\000a\000\347\000\343\000o\000\040\000C\000o\000m\000p\000u\000t\000a\000c\000i\000o\000n\000a\000l}{subsection.3.3}% 14
\BOOKMARK [2][-]{subsection.3.4}{\376\377\000Q\000u\000a\000n\000t\000i\000f\000i\000c\000a\000\347\000\343\000o\000\040\000d\000a\000\040\000E\000f\000i\000c\000i\000\352\000n\000c\000i\000a\000\040\000d\000e\000\040\000V\000a\000r\000r\000i\000d\000o}{section.3}% 15
\BOOKMARK [1][-]{section.4}{\376\377\000R\000E\000S\000U\000L\000T\000A\000D\000O\000S\000\040\000E\000\040\000D\000I\000S\000C\000U\000S\000S\000\303\000O}{}% 16
\BOOKMARK [2][-]{subsection.4.1}{\376\377\000P\000o\000s\000i\000c\000i\000o\000n\000a\000m\000e\000n\000t\000o\000\040\000d\000o\000\040\000P\000r\000o\000b\000l\000e\000m\000a\000-\000B\000a\000s\000e}{section.4}% 17
\BOOKMARK [2][-]{subsection.4.2}{\376\377\000C\000o\000n\000f\000i\000g\000u\000r\000a\000\347\000\365\000e\000s\000\040\000d\000o\000\040\000R\000e\000s\000o\000l\000v\000e\000d\000o\000r\000\040\000N\000u\000m\000\351\000r\000i\000c\000o}{section.4}% 18
\BOOKMARK [2][-]{subsection.4.3}{\376\377\000S\000i\000m\000u\000l\000a\000\347\000\365\000e\000s\000\040\000N\000u\000m\000\351\000r\000i\000c\000a\000s}{section.4}% 19
\BOOKMARK [3][-]{subsubsection.4.3.1}{\376\377\000C\000o\000n\000f\000i\000g\000u\000r\000a\000\347\000\365\000e\000s\000\040\000s\000e\000m\000\040\000E\000r\000o\000s\000\365\000e\000s}{subsection.4.3}% 20
\BOOKMARK [3][-]{subsubsection.4.3.2}{\376\377\000C\000o\000n\000f\000i\000g\000u\000r\000a\000\347\000\365\000e\000s\000\040\000c\000o\000m\000\040\000E\000r\000o\000s\000\365\000e\000s}{subsection.4.3}% 21
\BOOKMARK [3][-]{subsubsection.4.3.3}{\376\377\000A\000n\000\341\000l\000i\000s\000e\000\040\000d\000e\000\040\000e\000f\000i\000c\000i\000\352\000n\000c\000i\000a\000\040\000d\000e\000\040\000v\000a\000r\000r\000i\000d\000o}{subsection.4.3}% 22
\BOOKMARK [1][-]{section.5}{\376\377\000C\000O\000N\000C\000L\000U\000S\000\303\000O}{}% 23
\BOOKMARK [1][-]{section.5}{\376\377\000R\000E\000F\000E\000R\000\312\000N\000C\000I\000A\000S}{}% 24
